Using pre-set license
Built from '2021.3/staging' branch; Version is '2021.3.10f1 (1c7d0df0160b) revision 1867021'; Using compiler version '192829333'; Build Type 'Release'
OS: 'Windows 10  (10.0.19045) 64bit Core' Language: 'en' Physical Memory: 16298 MB
BatchMode: 1, IsHumanControllingUs: 0, StartBugReporterOnCrash: 0, Is64bit: 1, IsPro: 1

COMMAND LINE ARGUMENTS:
C:\Program Files\Unity 2021.3.10f1\Editor\Unity.exe
-adb2
-batchMode
-noUpm
-name
AssetImportWorker0
-projectPath
C:/Users/Carl/OneDrive/Documents/GitHub/Universum/Universum Game
-logFile
Logs/AssetImportWorker0.log
-srvPort
55957
Successfully changed project path to: C:/Users/Carl/OneDrive/Documents/GitHub/Universum/Universum Game
C:/Users/Carl/OneDrive/Documents/GitHub/Universum/Universum Game
[UnityMemory] Configuration Parameters - Can be set up in boot.config
    "memorysetup-bucket-allocator-granularity=16"
    "memorysetup-bucket-allocator-bucket-count=8"
    "memorysetup-bucket-allocator-block-size=33554432"
    "memorysetup-bucket-allocator-block-count=8"
    "memorysetup-main-allocator-block-size=16777216"
    "memorysetup-thread-allocator-block-size=16777216"
    "memorysetup-gfx-main-allocator-block-size=16777216"
    "memorysetup-gfx-thread-allocator-block-size=16777216"
    "memorysetup-cache-allocator-block-size=4194304"
    "memorysetup-typetree-allocator-block-size=2097152"
    "memorysetup-profiler-bucket-allocator-granularity=16"
    "memorysetup-profiler-bucket-allocator-bucket-count=8"
    "memorysetup-profiler-bucket-allocator-block-size=33554432"
    "memorysetup-profiler-bucket-allocator-block-count=8"
    "memorysetup-profiler-allocator-block-size=16777216"
    "memorysetup-profiler-editor-allocator-block-size=1048576"
    "memorysetup-temp-allocator-size-main=16777216"
    "memorysetup-job-temp-allocator-block-size=2097152"
    "memorysetup-job-temp-allocator-block-size-background=1048576"
    "memorysetup-job-temp-allocator-reduction-small-platforms=262144"
    "memorysetup-temp-allocator-size-background-worker=32768"
    "memorysetup-temp-allocator-size-job-worker=262144"
    "memorysetup-temp-allocator-size-preload-manager=33554432"
    "memorysetup-temp-allocator-size-nav-mesh-worker=65536"
    "memorysetup-temp-allocator-size-audio-worker=65536"
    "memorysetup-temp-allocator-size-cloud-worker=32768"
    "memorysetup-temp-allocator-size-gi-baking-worker=262144"
    "memorysetup-temp-allocator-size-gfx=262144"
Refreshing native plugins compatible for Editor in 85.16 ms, found 3 plugins.
Preloading 0 native plugins for Editor in 0.00 ms.
Initialize engine version: 2021.3.10f1 (1c7d0df0160b)
[Subsystems] Discovering subsystems at path C:/Program Files/Unity 2021.3.10f1/Editor/Data/Resources/UnitySubsystems
[Subsystems] Discovering subsystems at path C:/Users/Carl/OneDrive/Documents/GitHub/Universum/Universum Game/Assets
GfxDevice: creating device client; threaded=0; jobified=0
Direct3D:
    Version:  Direct3D 11.0 [level 11.1]
    Renderer: AMD Radeon RX 6600 XT (ID=0x73ff)
    Vendor:   ATI
    VRAM:     8147 MB
    Driver:   31.0.14057.2005
Initialize mono
Mono path[0] = 'C:/Program Files/Unity 2021.3.10f1/Editor/Data/Managed'
Mono path[1] = 'C:/Program Files/Unity 2021.3.10f1/Editor/Data/MonoBleedingEdge/lib/mono/unityjit-win32'
Mono config path = 'C:/Program Files/Unity 2021.3.10f1/Editor/Data/MonoBleedingEdge/etc'
Using monoOptions --debugger-agent=transport=dt_socket,embedding=1,server=y,suspend=n,address=127.0.0.1:56724
Begin MonoManager ReloadAssembly
Registering precompiled unity dll's ...
Register platform support module: C:/Program Files/Unity 2021.3.10f1/Editor/Data/PlaybackEngines/WindowsStandaloneSupport/UnityEditor.WindowsStandalone.Extensions.dll
Registered in 0.007079 seconds.
Native extension for WindowsStandalone target not found
Refreshing native plugins compatible for Editor in 80.90 ms, found 3 plugins.
Preloading 0 native plugins for Editor in 0.00 ms.
Mono: successfully reloaded assembly
- Completed reload, in  0.661 seconds
Domain Reload Profiling:
	ReloadAssembly (662ms)
		BeginReloadAssembly (83ms)
			ExecutionOrderSort (0ms)
			DisableScriptedObjects (0ms)
			BackupInstance (0ms)
			ReleaseScriptingObjects (0ms)
			CreateAndSetChildDomain (1ms)
		EndReloadAssembly (460ms)
			LoadAssemblies (79ms)
			RebuildTransferFunctionScriptingTraits (0ms)
			SetupTypeCache (99ms)
			ReleaseScriptCaches (0ms)
			RebuildScriptCaches (30ms)
			SetupLoadedEditorAssemblies (280ms)
				LogAssemblyErrors (0ms)
				InitializePlatformSupportModulesInManaged (7ms)
				SetLoadedEditorAssemblies (0ms)
				RefreshPlugins (81ms)
				BeforeProcessingInitializeOnLoad (1ms)
				ProcessInitializeOnLoadAttributes (131ms)
				ProcessInitializeOnLoadMethodAttributes (60ms)
				AfterProcessingInitializeOnLoad (0ms)
				EditorAssembliesLoaded (0ms)
			ExecutionOrderSort2 (0ms)
			AwakeInstancesAfterBackupRestoration (0ms)
Platform modules already initialized, skipping
Registering precompiled user dll's ...
Registered in 0.012831 seconds.
Begin MonoManager ReloadAssembly
Symbol file LoadedFromMemory doesn't match image C:\Users\Carl\OneDrive\Documents\GitHub\Universum\Universum Game\Library\PackageCache\com.unity.visualscripting@1.7.8\Editor\VisualScripting.Core\Dependencies\YamlDotNet\Unity.VisualScripting.YamlDotNet.dll
Symbol file LoadedFromMemory doesn't match image C:\Users\Carl\OneDrive\Documents\GitHub\Universum\Universum Game\Library\PackageCache\com.unity.visualscripting@1.7.8\Editor\VisualScripting.Core\Dependencies\DotNetZip\Unity.VisualScripting.IonicZip.dll
Native extension for WindowsStandalone target not found
Refreshing native plugins compatible for Editor in 0.84 ms, found 3 plugins.
Preloading 0 native plugins for Editor in 0.00 ms.
Mono: successfully reloaded assembly
- Completed reload, in  1.152 seconds
Domain Reload Profiling:
	ReloadAssembly (1154ms)
		BeginReloadAssembly (130ms)
			ExecutionOrderSort (0ms)
			DisableScriptedObjects (6ms)
			BackupInstance (0ms)
			ReleaseScriptingObjects (0ms)
			CreateAndSetChildDomain (23ms)
		EndReloadAssembly (881ms)
			LoadAssemblies (106ms)
			RebuildTransferFunctionScriptingTraits (0ms)
			SetupTypeCache (256ms)
			ReleaseScriptCaches (1ms)
			RebuildScriptCaches (60ms)
			SetupLoadedEditorAssemblies (421ms)
				LogAssemblyErrors (0ms)
				InitializePlatformSupportModulesInManaged (7ms)
				SetLoadedEditorAssemblies (0ms)
				RefreshPlugins (1ms)
				BeforeProcessingInitializeOnLoad (105ms)
				ProcessInitializeOnLoadAttributes (261ms)
				ProcessInitializeOnLoadMethodAttributes (34ms)
				AfterProcessingInitializeOnLoad (13ms)
				EditorAssembliesLoaded (0ms)
			ExecutionOrderSort2 (0ms)
			AwakeInstancesAfterBackupRestoration (9ms)
Platform modules already initialized, skipping
========================================================================
Worker process is ready to serve import requests
Launched and connected shader compiler UnityShaderCompiler.exe after 0.06 seconds
Refreshing native plugins compatible for Editor in 0.55 ms, found 3 plugins.
Preloading 0 native plugins for Editor in 0.00 ms.
Unloading 3380 Unused Serialized files (Serialized files now loaded: 0)
Unloading 27 unused Assets / (113.4 KB). Loaded Objects now: 3837.
Memory consumption went from 116.3 MB to 116.2 MB.
Total: 2.879600 ms (FindLiveObjects: 0.236200 ms CreateObjectMapping: 0.073100 ms MarkObjects: 2.471300 ms  DeleteObjects: 0.097800 ms)

AssetImportParameters requested are different than current active one (requested -> active):
  custom:video-decoder-ogg-theora: a1e56fd34408186e4bbccfd4996cb3dc -> 
  custom:container-muxer-webm: aa71ff27fc2769a1b78a27578f13a17b -> 
  custom:container-demuxer-webm: 4f35f7cbe854078d1ac9338744f61a02 -> 
  custom:video-encoder-webm-vp8: eb34c28f22e8b96e1ab97ce403110664 -> 
  custom:audio-encoder-webm-vorbis: bf7c407c2cedff20999df2af8eb42d56 -> 
  custom:framework-win-MediaFoundation: 216162199b28c13a410421893ffa2e32 -> 
  custom:container-demuxer-ogg: 62fdf1f143b41e24485cea50d1cbac27 -> 
  custom:video-decoder-webm-vp8: 9c59270c3fd7afecdb556c50c9e8de78 -> 
  custom:audio-decoder-ogg-vorbis: bf7c407c2cedff20999df2af8eb42d56 -> 
========================================================================
Received Import Request.
  Time since last request: 407.144298 seconds.
  path: Assets/house2.blend
  artifactKey: Guid(30112c49ab7b6f24089bb3b9f0ece1c7) Importer(815301076,1909f56bfc062723c751e8b465ee728b)
Start importing Assets/house2.blend using Guid(30112c49ab7b6f24089bb3b9f0ece1c7) Importer(815301076,1909f56bfc062723c751e8b465ee728b)  -> (artifact id: 'ee706c5e4827c81c68de208c74d4c592') in 0.226892 seconds 
========================================================================
Received Import Request.
  Time since last request: 93.378394 seconds.
  path: Assets/house2.blend
  artifactKey: Guid(30112c49ab7b6f24089bb3b9f0ece1c7) Importer(815301076,1909f56bfc062723c751e8b465ee728b)
Start importing Assets/house2.blend using Guid(30112c49ab7b6f24089bb3b9f0ece1c7) Importer(815301076,1909f56bfc062723c751e8b465ee728b)  -> (artifact id: 'f08ab07b6ab17c2b9493b4375d816c66') in 0.089848 seconds 
========================================================================
Received Import Request.
  Time since last request: 182.183405 seconds.
  path: Assets/Untitled-1.png
  artifactKey: Guid(bd8c15f1127fb7a4cbe5022293ad6647) Importer(815301076,1909f56bfc062723c751e8b465ee728b)
Start importing Assets/Untitled-1.png using Guid(bd8c15f1127fb7a4cbe5022293ad6647) Importer(815301076,1909f56bfc062723c751e8b465ee728b)  -> (artifact id: '6fa9ff7bf7a8c37ba140bb25746656d0') in 0.044937 seconds 
========================================================================
Received Import Request.
  Time since last request: 246.718954 seconds.
  path: Assets/house2.blend
  artifactKey: Guid(30112c49ab7b6f24089bb3b9f0ece1c7) Importer(815301076,1909f56bfc062723c751e8b465ee728b)
Start importing Assets/house2.blend using Guid(30112c49ab7b6f24089bb3b9f0ece1c7) Importer(815301076,1909f56bfc062723c751e8b465ee728b)  -> (artifact id: 'b0b1fe3d36ae9b743b8b1bc307bc7498') in 0.078380 seconds 
========================================================================
Received Import Request.
  Time since last request: 79.548896 seconds.
  path: Assets/house3.blend
  artifactKey: Guid(e7ee98097af7a4a43861f1b15d802a27) Importer(815301076,1909f56bfc062723c751e8b465ee728b)
Start importing Assets/house3.blend using Guid(e7ee98097af7a4a43861f1b15d802a27) Importer(815301076,1909f56bfc062723c751e8b465ee728b)  -> (artifact id: '27506a522408749fb2c3707731b5533f') in 0.079737 seconds 
========================================================================
Received Import Request.
  Time since last request: 31.867804 seconds.
  path: Assets/house2.blend
  artifactKey: Guid(30112c49ab7b6f24089bb3b9f0ece1c7) Importer(815301076,1909f56bfc062723c751e8b465ee728b)
Start importing Assets/house2.blend using Guid(30112c49ab7b6f24089bb3b9f0ece1c7) Importer(815301076,1909f56bfc062723c751e8b465ee728b)  -> (artifact id: '09b0090915fa1746f8298bb2c262f9b7') in 0.085634 seconds 
========================================================================
Received Import Request.
  Time since last request: 41.818592 seconds.
  path: Assets/house3.blend
  artifactKey: Guid(e7ee98097af7a4a43861f1b15d802a27) Importer(815301076,1909f56bfc062723c751e8b465ee728b)
Start importing Assets/house3.blend using Guid(e7ee98097af7a4a43861f1b15d802a27) Importer(815301076,1909f56bfc062723c751e8b465ee728b)  -> (artifact id: '7a01dde6ffd6c32bad298ea75aae4719') in 0.087393 seconds 
========================================================================
Received Import Request.
  Time since last request: 12.752651 seconds.
  path: Assets/house2.blend
  artifactKey: Guid(30112c49ab7b6f24089bb3b9f0ece1c7) Importer(815301076,1909f56bfc062723c751e8b465ee728b)
Start importing Assets/house2.blend using Guid(30112c49ab7b6f24089bb3b9f0ece1c7) Importer(815301076,1909f56bfc062723c751e8b465ee728b)  -> (artifact id: 'd73f2311f78a70e061dac3409a8fed38') in 0.066307 seconds 
========================================================================
Received Import Request.
  Time since last request: 11.882410 seconds.
  path: Assets/Materials/Material.004 2.mat
  artifactKey: Guid(8e29835394357c348ae9760f31c61a07) Importer(815301076,1909f56bfc062723c751e8b465ee728b)
Start importing Assets/Materials/Material.004 2.mat using Guid(8e29835394357c348ae9760f31c61a07) Importer(815301076,1909f56bfc062723c751e8b465ee728b)  -> (artifact id: 'b00b0939acc519d6ad06e124f17cbca3') in 0.017081 seconds 
========================================================================
Received Import Request.
  Time since last request: 0.000025 seconds.
  path: Assets/Materials/Material.009 2.mat
  artifactKey: Guid(a059c24c457f17b4bafad171b1833f30) Importer(815301076,1909f56bfc062723c751e8b465ee728b)
Start importing Assets/Materials/Material.009 2.mat using Guid(a059c24c457f17b4bafad171b1833f30) Importer(815301076,1909f56bfc062723c751e8b465ee728b)  -> (artifact id: 'b8339c9221b3b4d5bcf08598e397ac82') in 0.009210 seconds 
========================================================================
Received Import Request.
  Time since last request: 0.000043 seconds.
  path: Assets/Materials/Material.006 2.mat
  artifactKey: Guid(7f6b974913bfab5439193797058511f3) Importer(815301076,1909f56bfc062723c751e8b465ee728b)
Start importing Assets/Materials/Material.006 2.mat using Guid(7f6b974913bfab5439193797058511f3) Importer(815301076,1909f56bfc062723c751e8b465ee728b)  -> (artifact id: '3e99c7e8b2b8a91b2835a0024d7ab40b') in 0.011433 seconds 
========================================================================
Received Import Request.
  Time since last request: 0.000029 seconds.
  path: Assets/Materials/Untitled-1.mat
  artifactKey: Guid(8668cd19e51e4b040906fb55d1cc61b4) Importer(815301076,1909f56bfc062723c751e8b465ee728b)
Start importing Assets/Materials/Untitled-1.mat using Guid(8668cd19e51e4b040906fb55d1cc61b4) Importer(815301076,1909f56bfc062723c751e8b465ee728b)  -> (artifact id: '99f7f7d14c6c5791cd90302aab38663e') in 0.009635 seconds 
Editor requested this worker to shutdown with reason: Scaling down because of idle timeout
AssetImportWorker is now disconnected from the server
Process exiting
Exiting without the bug reporter. Application will terminate with return code 0