Using pre-set license
Built from '2021.3/staging' branch; Version is '2021.3.10f1 (1c7d0df0160b) revision 1867021'; Using compiler version '192829333'; Build Type 'Release'
OS: 'Windows 10  (10.0.19045) 64bit Core' Language: 'en' Physical Memory: 16298 MB
BatchMode: 1, IsHumanControllingUs: 0, StartBugReporterOnCrash: 0, Is64bit: 1, IsPro: 1

COMMAND LINE ARGUMENTS:
C:\Program Files\Unity 2021.3.10f1\Editor\Unity.exe
-adb2
-batchMode
-noUpm
-name
AssetImportWorker2
-projectPath
C:/Users/Carl/OneDrive/Documents/GitHub/Universum/Universum Game
-logFile
Logs/AssetImportWorker2.log
-srvPort
55957
Successfully changed project path to: C:/Users/Carl/OneDrive/Documents/GitHub/Universum/Universum Game
C:/Users/Carl/OneDrive/Documents/GitHub/Universum/Universum Game
[UnityMemory] Configuration Parameters - Can be set up in boot.config
    "memorysetup-bucket-allocator-granularity=16"
    "memorysetup-bucket-allocator-bucket-count=8"
    "memorysetup-bucket-allocator-block-size=33554432"
    "memorysetup-bucket-allocator-block-count=8"
    "memorysetup-main-allocator-block-size=16777216"
    "memorysetup-thread-allocator-block-size=16777216"
    "memorysetup-gfx-main-allocator-block-size=16777216"
    "memorysetup-gfx-thread-allocator-block-size=16777216"
    "memorysetup-cache-allocator-block-size=4194304"
    "memorysetup-typetree-allocator-block-size=2097152"
    "memorysetup-profiler-bucket-allocator-granularity=16"
    "memorysetup-profiler-bucket-allocator-bucket-count=8"
    "memorysetup-profiler-bucket-allocator-block-size=33554432"
    "memorysetup-profiler-bucket-allocator-block-count=8"
    "memorysetup-profiler-allocator-block-size=16777216"
    "memorysetup-profiler-editor-allocator-block-size=1048576"
    "memorysetup-temp-allocator-size-main=16777216"
    "memorysetup-job-temp-allocator-block-size=2097152"
    "memorysetup-job-temp-allocator-block-size-background=1048576"
    "memorysetup-job-temp-allocator-reduction-small-platforms=262144"
    "memorysetup-temp-allocator-size-background-worker=32768"
    "memorysetup-temp-allocator-size-job-worker=262144"
    "memorysetup-temp-allocator-size-preload-manager=33554432"
    "memorysetup-temp-allocator-size-nav-mesh-worker=65536"
    "memorysetup-temp-allocator-size-audio-worker=65536"
    "memorysetup-temp-allocator-size-cloud-worker=32768"
    "memorysetup-temp-allocator-size-gi-baking-worker=262144"
    "memorysetup-temp-allocator-size-gfx=262144"
Refreshing native plugins compatible for Editor in 82.45 ms, found 3 plugins.
Preloading 0 native plugins for Editor in 0.00 ms.
Initialize engine version: 2021.3.10f1 (1c7d0df0160b)
[Subsystems] Discovering subsystems at path C:/Program Files/Unity 2021.3.10f1/Editor/Data/Resources/UnitySubsystems
[Subsystems] Discovering subsystems at path C:/Users/Carl/OneDrive/Documents/GitHub/Universum/Universum Game/Assets
GfxDevice: creating device client; threaded=0; jobified=0
Direct3D:
    Version:  Direct3D 11.0 [level 11.1]
    Renderer: AMD Radeon RX 6600 XT (ID=0x73ff)
    Vendor:   ATI
    VRAM:     8147 MB
    Driver:   31.0.14057.2005
Initialize mono
Mono path[0] = 'C:/Program Files/Unity 2021.3.10f1/Editor/Data/Managed'
Mono path[1] = 'C:/Program Files/Unity 2021.3.10f1/Editor/Data/MonoBleedingEdge/lib/mono/unityjit-win32'
Mono config path = 'C:/Program Files/Unity 2021.3.10f1/Editor/Data/MonoBleedingEdge/etc'
Using monoOptions --debugger-agent=transport=dt_socket,embedding=1,server=y,suspend=n,address=127.0.0.1:56504
Begin MonoManager ReloadAssembly
Registering precompiled unity dll's ...
Register platform support module: C:/Program Files/Unity 2021.3.10f1/Editor/Data/PlaybackEngines/WindowsStandaloneSupport/UnityEditor.WindowsStandalone.Extensions.dll
Registered in 0.005919 seconds.
Native extension for WindowsStandalone target not found
Refreshing native plugins compatible for Editor in 82.98 ms, found 3 plugins.
Preloading 0 native plugins for Editor in 0.00 ms.
Mono: successfully reloaded assembly
- Completed reload, in  0.555 seconds
Domain Reload Profiling:
	ReloadAssembly (555ms)
		BeginReloadAssembly (72ms)
			ExecutionOrderSort (0ms)
			DisableScriptedObjects (0ms)
			BackupInstance (0ms)
			ReleaseScriptingObjects (0ms)
			CreateAndSetChildDomain (1ms)
		EndReloadAssembly (389ms)
			LoadAssemblies (69ms)
			RebuildTransferFunctionScriptingTraits (0ms)
			SetupTypeCache (77ms)
			ReleaseScriptCaches (0ms)
			RebuildScriptCaches (21ms)
			SetupLoadedEditorAssemblies (247ms)
				LogAssemblyErrors (0ms)
				InitializePlatformSupportModulesInManaged (9ms)
				SetLoadedEditorAssemblies (0ms)
				RefreshPlugins (83ms)
				BeforeProcessingInitializeOnLoad (1ms)
				ProcessInitializeOnLoadAttributes (117ms)
				ProcessInitializeOnLoadMethodAttributes (36ms)
				AfterProcessingInitializeOnLoad (0ms)
				EditorAssembliesLoaded (0ms)
			ExecutionOrderSort2 (0ms)
			AwakeInstancesAfterBackupRestoration (0ms)
Platform modules already initialized, skipping
Registering precompiled user dll's ...
Registered in 0.011931 seconds.
Begin MonoManager ReloadAssembly
Symbol file LoadedFromMemory doesn't match image C:\Users\Carl\OneDrive\Documents\GitHub\Universum\Universum Game\Library\PackageCache\com.unity.visualscripting@1.7.8\Editor\VisualScripting.Core\Dependencies\YamlDotNet\Unity.VisualScripting.YamlDotNet.dll
Symbol file LoadedFromMemory doesn't match image C:\Users\Carl\OneDrive\Documents\GitHub\Universum\Universum Game\Library\PackageCache\com.unity.visualscripting@1.7.8\Editor\VisualScripting.Core\Dependencies\DotNetZip\Unity.VisualScripting.IonicZip.dll
Native extension for WindowsStandalone target not found
Refreshing native plugins compatible for Editor in 0.56 ms, found 3 plugins.
Preloading 0 native plugins for Editor in 0.00 ms.
Mono: successfully reloaded assembly
- Completed reload, in  0.857 seconds
Domain Reload Profiling:
	ReloadAssembly (858ms)
		BeginReloadAssembly (100ms)
			ExecutionOrderSort (0ms)
			DisableScriptedObjects (4ms)
			BackupInstance (0ms)
			ReleaseScriptingObjects (0ms)
			CreateAndSetChildDomain (16ms)
		EndReloadAssembly (657ms)
			LoadAssemblies (83ms)
			RebuildTransferFunctionScriptingTraits (0ms)
			SetupTypeCache (202ms)
			ReleaseScriptCaches (1ms)
			RebuildScriptCaches (33ms)
			SetupLoadedEditorAssemblies (309ms)
				LogAssemblyErrors (0ms)
				InitializePlatformSupportModulesInManaged (5ms)
				SetLoadedEditorAssemblies (0ms)
				RefreshPlugins (1ms)
				BeforeProcessingInitializeOnLoad (80ms)
				ProcessInitializeOnLoadAttributes (188ms)
				ProcessInitializeOnLoadMethodAttributes (24ms)
				AfterProcessingInitializeOnLoad (10ms)
				EditorAssembliesLoaded (0ms)
			ExecutionOrderSort2 (0ms)
			AwakeInstancesAfterBackupRestoration (9ms)
Platform modules already initialized, skipping
========================================================================
Worker process is ready to serve import requests
Launched and connected shader compiler UnityShaderCompiler.exe after 0.04 seconds
Refreshing native plugins compatible for Editor in 0.54 ms, found 3 plugins.
Preloading 0 native plugins for Editor in 0.00 ms.
Unloading 3380 Unused Serialized files (Serialized files now loaded: 0)
Unloading 27 unused Assets / (113.4 KB). Loaded Objects now: 3837.
Memory consumption went from 116.2 MB to 116.1 MB.
Total: 2.614600 ms (FindLiveObjects: 0.252300 ms CreateObjectMapping: 0.080500 ms MarkObjects: 2.180100 ms  DeleteObjects: 0.100700 ms)

AssetImportParameters requested are different than current active one (requested -> active):
  custom:video-decoder-ogg-theora: a1e56fd34408186e4bbccfd4996cb3dc -> 
  custom:container-muxer-webm: aa71ff27fc2769a1b78a27578f13a17b -> 
  custom:container-demuxer-webm: 4f35f7cbe854078d1ac9338744f61a02 -> 
  custom:video-encoder-webm-vp8: eb34c28f22e8b96e1ab97ce403110664 -> 
  custom:audio-encoder-webm-vorbis: bf7c407c2cedff20999df2af8eb42d56 -> 
  custom:framework-win-MediaFoundation: 216162199b28c13a410421893ffa2e32 -> 
  custom:container-demuxer-ogg: 62fdf1f143b41e24485cea50d1cbac27 -> 
  custom:video-decoder-webm-vp8: 9c59270c3fd7afecdb556c50c9e8de78 -> 
  custom:audio-decoder-ogg-vorbis: bf7c407c2cedff20999df2af8eb42d56 -> 
========================================================================
Received Import Request.
  Time since last request: 1257.266944 seconds.
  path: Assets/house2.blend
  artifactKey: Guid(30112c49ab7b6f24089bb3b9f0ece1c7) Importer(815301076,1909f56bfc062723c751e8b465ee728b)
Start importing Assets/house2.blend using Guid(30112c49ab7b6f24089bb3b9f0ece1c7) Importer(815301076,1909f56bfc062723c751e8b465ee728b)  -> (artifact id: 'e7665c08d61f2b032a6e56cdf61bb234') in 0.218998 seconds 
========================================================================
Received Import Request.
  Time since last request: 58.266516 seconds.
  path: Assets/Materials/Material.004 1.mat
  artifactKey: Guid(7c5fd026260f9aa4b8dcf06e5a744b46) Importer(815301076,1909f56bfc062723c751e8b465ee728b)
Start importing Assets/Materials/Material.004 1.mat using Guid(7c5fd026260f9aa4b8dcf06e5a744b46) Importer(815301076,1909f56bfc062723c751e8b465ee728b)  -> (artifact id: 'b7ce2bcbb108d77e84582ecdd7429c16') in 0.012008 seconds 
========================================================================
Received Import Request.
  Time since last request: 14.156072 seconds.
  path: Assets/houseone.fbx
  artifactKey: Guid(bd19bed82345ea743b461207c67baefa) Importer(815301076,1909f56bfc062723c751e8b465ee728b)
Start importing Assets/houseone.fbx using Guid(bd19bed82345ea743b461207c67baefa) Importer(815301076,1909f56bfc062723c751e8b465ee728b)  -> (artifact id: 'a47cb4fbbc4590f58f64a82a187a3a0c') in 0.170492 seconds 
========================================================================
Received Import Request.
  Time since last request: 10.347238 seconds.
  path: Assets/house2.blend
  artifactKey: Guid(30112c49ab7b6f24089bb3b9f0ece1c7) Importer(815301076,1909f56bfc062723c751e8b465ee728b)
Start importing Assets/house2.blend using Guid(30112c49ab7b6f24089bb3b9f0ece1c7) Importer(815301076,1909f56bfc062723c751e8b465ee728b)  -> (artifact id: '9b0a01703d5b4eddd8bde83b9fb8ef7b') in 0.062171 seconds 
========================================================================
Received Import Request.
  Time since last request: 11.786134 seconds.
  path: Assets/Materials/Material.004 3.mat
  artifactKey: Guid(203129157c96f6e42a9e4440aed55a7f) Importer(815301076,1909f56bfc062723c751e8b465ee728b)
Start importing Assets/Materials/Material.004 3.mat using Guid(203129157c96f6e42a9e4440aed55a7f) Importer(815301076,1909f56bfc062723c751e8b465ee728b)  -> (artifact id: '54807928550c32a87039cf9428f8fec6') in 0.008687 seconds 
========================================================================
Received Import Request.
  Time since last request: 0.000016 seconds.
  path: Assets/Materials/Material.009 3.mat
  artifactKey: Guid(1fb830bfa70f86f4fbba9c469489dd93) Importer(815301076,1909f56bfc062723c751e8b465ee728b)
Start importing Assets/Materials/Material.009 3.mat using Guid(1fb830bfa70f86f4fbba9c469489dd93) Importer(815301076,1909f56bfc062723c751e8b465ee728b)  -> (artifact id: 'bdf9ecbe135d92124346115f08295b0d') in 0.007481 seconds 
========================================================================
Received Import Request.
  Time since last request: 291.774238 seconds.
  path: Assets/house3.blend
  artifactKey: Guid(e7ee98097af7a4a43861f1b15d802a27) Importer(815301076,1909f56bfc062723c751e8b465ee728b)
Start importing Assets/house3.blend using Guid(e7ee98097af7a4a43861f1b15d802a27) Importer(815301076,1909f56bfc062723c751e8b465ee728b)  -> (artifact id: '45387b52669330738288c5e320949ca0') in 0.139809 seconds 
========================================================================
Received Import Request.
  Time since last request: 24.055308 seconds.
  path: Assets/house3.blend
  artifactKey: Guid(e7ee98097af7a4a43861f1b15d802a27) Importer(815301076,1909f56bfc062723c751e8b465ee728b)
Start importing Assets/house3.blend using Guid(e7ee98097af7a4a43861f1b15d802a27) Importer(815301076,1909f56bfc062723c751e8b465ee728b)  -> (artifact id: 'fe56e9478f04813962e2e30da484f8ff') in 0.124285 seconds 
========================================================================
Received Import Request.
  Time since last request: 450.763800 seconds.
  path: Assets/house3.blend
  artifactKey: Guid(e7ee98097af7a4a43861f1b15d802a27) Importer(815301076,1909f56bfc062723c751e8b465ee728b)
Start importing Assets/house3.blend using Guid(e7ee98097af7a4a43861f1b15d802a27) Importer(815301076,1909f56bfc062723c751e8b465ee728b)  -> (artifact id: 'bb357b7dcb18a683b868aef4a2071ab6') in 0.023666 seconds 
========================================================================
Received Import Request.
  Time since last request: 478.448906 seconds.
  path: Assets/house3.blend
  artifactKey: Guid(e7ee98097af7a4a43861f1b15d802a27) Importer(815301076,1909f56bfc062723c751e8b465ee728b)
Start importing Assets/house3.blend using Guid(e7ee98097af7a4a43861f1b15d802a27) Importer(815301076,1909f56bfc062723c751e8b465ee728b)  -> (artifact id: 'ff4d07a9148eaa37fabc9059d778dd33') in 0.023639 seconds 
========================================================================
Received Import Request.
  Time since last request: 975.539997 seconds.
  path: Assets/floor.blend
  artifactKey: Guid(7eb257ee760e3364da59fe7e461ae805) Importer(815301076,1909f56bfc062723c751e8b465ee728b)
Start importing Assets/floor.blend using Guid(7eb257ee760e3364da59fe7e461ae805) Importer(815301076,1909f56bfc062723c751e8b465ee728b)  -> (artifact id: '8597bbb0ee5de2d4d8b0fa61cd41cb9f') in 0.032362 seconds 
========================================================================
Received Import Request.
  Time since last request: 22.616535 seconds.
  path: Assets/floor.blend
  artifactKey: Guid(7eb257ee760e3364da59fe7e461ae805) Importer(815301076,1909f56bfc062723c751e8b465ee728b)
Start importing Assets/floor.blend using Guid(7eb257ee760e3364da59fe7e461ae805) Importer(815301076,1909f56bfc062723c751e8b465ee728b)  -> (artifact id: '07a4098bdc46bba33c2d59a299438897') in 0.032152 seconds 
========================================================================
Received Import Request.
  Time since last request: 242.698992 seconds.
  path: Assets/floor.blend
  artifactKey: Guid(7eb257ee760e3364da59fe7e461ae805) Importer(815301076,1909f56bfc062723c751e8b465ee728b)
Start importing Assets/floor.blend using Guid(7eb257ee760e3364da59fe7e461ae805) Importer(815301076,1909f56bfc062723c751e8b465ee728b)  -> (artifact id: '2945757494d0fd37fdb6c8f5f32a569d') in 0.027918 seconds 
========================================================================
Received Import Request.
  Time since last request: 82.868618 seconds.
  path: Assets/malecharacter.blend
  artifactKey: Guid(0e3e8938a5a06444caba7aacbc14c21e) Importer(815301076,1909f56bfc062723c751e8b465ee728b)
Start importing Assets/malecharacter.blend using Guid(0e3e8938a5a06444caba7aacbc14c21e) Importer(815301076,1909f56bfc062723c751e8b465ee728b)  -> (artifact id: '97dfab425c9c1f5b55666e38dd3c3117') in 0.082751 seconds 
========================================================================
Received Import Request.
  Time since last request: 42.061565 seconds.
  path: Assets/malecharacter.fbx
  artifactKey: Guid(722e8fc2c1853994daafdde14cc80dab) Importer(815301076,1909f56bfc062723c751e8b465ee728b)
Start importing Assets/malecharacter.fbx using Guid(722e8fc2c1853994daafdde14cc80dab) Importer(815301076,1909f56bfc062723c751e8b465ee728b)  -> (artifact id: 'accc2e724117241e6c7f2c74f152f1eb') in 0.032724 seconds 
========================================================================
Received Import Request.
  Time since last request: 46.569764 seconds.
  path: Assets/malecharacter.blend
  artifactKey: Guid(0e3e8938a5a06444caba7aacbc14c21e) Importer(815301076,1909f56bfc062723c751e8b465ee728b)
Start importing Assets/malecharacter.blend using Guid(0e3e8938a5a06444caba7aacbc14c21e) Importer(815301076,1909f56bfc062723c751e8b465ee728b)  -> (artifact id: '4d3cb4cbb3f262e789bdd1b705c2ee5b') in 0.072499 seconds 
========================================================================
Received Import Request.
  Time since last request: 74.123497 seconds.
  path: Assets/malecharacter.fbx
  artifactKey: Guid(722e8fc2c1853994daafdde14cc80dab) Importer(815301076,1909f56bfc062723c751e8b465ee728b)
Start importing Assets/malecharacter.fbx using Guid(722e8fc2c1853994daafdde14cc80dab) Importer(815301076,1909f56bfc062723c751e8b465ee728b)  -> (artifact id: 'bac67d221ef835af08192caa0ebf32f3') in 0.032803 seconds 
========================================================================
Received Import Request.
  Time since last request: 38.948020 seconds.
  path: Assets/malecharacter.blend
  artifactKey: Guid(0e3e8938a5a06444caba7aacbc14c21e) Importer(815301076,1909f56bfc062723c751e8b465ee728b)
Start importing Assets/malecharacter.blend using Guid(0e3e8938a5a06444caba7aacbc14c21e) Importer(815301076,1909f56bfc062723c751e8b465ee728b)  -> (artifact id: '1ca9487d452e6d2122533b64b4f8a3c4') in 0.033116 seconds 
========================================================================
Received Import Request.
  Time since last request: 31.235891 seconds.
  path: Assets/malecharacter.blend
  artifactKey: Guid(0e3e8938a5a06444caba7aacbc14c21e) Importer(815301076,1909f56bfc062723c751e8b465ee728b)
Start importing Assets/malecharacter.blend using Guid(0e3e8938a5a06444caba7aacbc14c21e) Importer(815301076,1909f56bfc062723c751e8b465ee728b)  -> (artifact id: 'b1aaa367b1aafde08b00eb761ebd418b') in 0.031132 seconds 
========================================================================
Received Import Request.
  Time since last request: 68.358685 seconds.
  path: Assets/malecharacter.blend
  artifactKey: Guid(0e3e8938a5a06444caba7aacbc14c21e) Importer(815301076,1909f56bfc062723c751e8b465ee728b)
Start importing Assets/malecharacter.blend using Guid(0e3e8938a5a06444caba7aacbc14c21e) Importer(815301076,1909f56bfc062723c751e8b465ee728b)  -> (artifact id: '2e8e07958397f379b77513d2a1a9b585') in 0.016545 seconds 
========================================================================
Received Import Request.
  Time since last request: 27.927423 seconds.
  path: Assets/malecharacter.blend
  artifactKey: Guid(0e3e8938a5a06444caba7aacbc14c21e) Importer(815301076,1909f56bfc062723c751e8b465ee728b)
Start importing Assets/malecharacter.blend using Guid(0e3e8938a5a06444caba7aacbc14c21e) Importer(815301076,1909f56bfc062723c751e8b465ee728b)  -> (artifact id: '7bc8849d91132a83a6bb77bce3de9da9') in 0.019081 seconds 
========================================================================
Received Import Request.
  Time since last request: 178.803989 seconds.
  path: Assets/femalecharacter.blend
  artifactKey: Guid(66a832402435c3b43994653ed07dfc76) Importer(815301076,1909f56bfc062723c751e8b465ee728b)
Start importing Assets/femalecharacter.blend using Guid(66a832402435c3b43994653ed07dfc76) Importer(815301076,1909f56bfc062723c751e8b465ee728b)  -> (artifact id: '8ae5399ea6b2e766b1ad9cff55a088bd') in 0.027674 seconds 
========================================================================
Received Import Request.
  Time since last request: 60.775655 seconds.
  path: Assets/femalecharacter.blend
  artifactKey: Guid(66a832402435c3b43994653ed07dfc76) Importer(815301076,1909f56bfc062723c751e8b465ee728b)
Start importing Assets/femalecharacter.blend using Guid(66a832402435c3b43994653ed07dfc76) Importer(815301076,1909f56bfc062723c751e8b465ee728b)  -> (artifact id: 'aaa549b5ca100f982f29c4786b504f56') in 0.021461 seconds 
========================================================================
Received Import Request.
  Time since last request: 15.828117 seconds.
  path: Assets/femalecharacter 1.blend
  artifactKey: Guid(1586957b805098148a778d7d14dadeb3) Importer(815301076,1909f56bfc062723c751e8b465ee728b)
Start importing Assets/femalecharacter 1.blend using Guid(1586957b805098148a778d7d14dadeb3) Importer(815301076,1909f56bfc062723c751e8b465ee728b)  -> (artifact id: 'ff8148a912b35d8d0b4ee9bef6e98b56') in 0.022410 seconds 
========================================================================
Received Import Request.
  Time since last request: 11.753499 seconds.
  path: Assets/outfit.001.png
  artifactKey: Guid(f6fed0f4f9434654d9451283a95393bd) Importer(815301076,1909f56bfc062723c751e8b465ee728b)
Start importing Assets/outfit.001.png using Guid(f6fed0f4f9434654d9451283a95393bd) Importer(815301076,1909f56bfc062723c751e8b465ee728b)  -> (artifact id: 'c008bf66693d9263a4f4c85d9824e797') in 0.065543 seconds 
========================================================================
Received Import Request.
  Time since last request: 97.038744 seconds.
  path: Assets/femalecharacter 1.blend
  artifactKey: Guid(1586957b805098148a778d7d14dadeb3) Importer(815301076,1909f56bfc062723c751e8b465ee728b)
Start importing Assets/femalecharacter 1.blend using Guid(1586957b805098148a778d7d14dadeb3) Importer(815301076,1909f56bfc062723c751e8b465ee728b)  -> (artifact id: '8c54d0c37111a6946e556a7195834eb1') in 0.022231 seconds 
========================================================================
Received Import Request.
  Time since last request: 93.265578 seconds.
  path: Assets/outfittwo.png
  artifactKey: Guid(64f53bd2001808d47a7065e323f642d0) Importer(815301076,1909f56bfc062723c751e8b465ee728b)
Start importing Assets/outfittwo.png using Guid(64f53bd2001808d47a7065e323f642d0) Importer(815301076,1909f56bfc062723c751e8b465ee728b)  -> (artifact id: '15bdf46e20b667f51d92ead154c47566') in 0.008768 seconds 
========================================================================
Received Import Request.
  Time since last request: 33.765737 seconds.
  path: Assets/femalecharacter.blend
  artifactKey: Guid(66a832402435c3b43994653ed07dfc76) Importer(815301076,1909f56bfc062723c751e8b465ee728b)
Start importing Assets/femalecharacter.blend using Guid(66a832402435c3b43994653ed07dfc76) Importer(815301076,1909f56bfc062723c751e8b465ee728b)  -> (artifact id: '120c0b835cd353c50787831d13c0d7f7') in 0.021777 seconds 
========================================================================
Received Import Request.
  Time since last request: 274.834815 seconds.
  path: Assets/Materials/Material.005 3.mat
  artifactKey: Guid(604ccbf121cf2ea4a924b8e0105ee49c) Importer(815301076,1909f56bfc062723c751e8b465ee728b)
Start importing Assets/Materials/Material.005 3.mat using Guid(604ccbf121cf2ea4a924b8e0105ee49c) Importer(815301076,1909f56bfc062723c751e8b465ee728b)  -> (artifact id: 'f165972f8858d8d630027bd481e90f15') in 0.009612 seconds 
========================================================================
Received Import Request.
  Time since last request: 97.958640 seconds.
  path: Assets/house2.blend
  artifactKey: Guid(30112c49ab7b6f24089bb3b9f0ece1c7) Importer(815301076,1909f56bfc062723c751e8b465ee728b)
Start importing Assets/house2.blend using Guid(30112c49ab7b6f24089bb3b9f0ece1c7) Importer(815301076,1909f56bfc062723c751e8b465ee728b)  -> (artifact id: 'f93f0353a0d71e8bf7b91f327f74a85f') in 0.061041 seconds 
========================================================================
Received Import Request.
  Time since last request: 92.235208 seconds.
  path: Assets/Scenes/SampleScene.unity
  artifactKey: Guid(9fc0d4010bbf28b4594072e72b8655ab) Importer(815301076,1909f56bfc062723c751e8b465ee728b)
Start importing Assets/Scenes/SampleScene.unity using Guid(9fc0d4010bbf28b4594072e72b8655ab) Importer(815301076,1909f56bfc062723c751e8b465ee728b)  -> (artifact id: '90de8811b565cca925da41e42a2cf6d0') in 0.002167 seconds 
========================================================================
Received Import Request.
  Time since last request: 0.693689 seconds.
  path: Assets/Scenes
  artifactKey: Guid(6ea315d0fd7389c41b19996891e99ae3) Importer(815301076,1909f56bfc062723c751e8b465ee728b)
Start importing Assets/Scenes using Guid(6ea315d0fd7389c41b19996891e99ae3) Importer(815301076,1909f56bfc062723c751e8b465ee728b)  -> (artifact id: 'b8193726cff86800c54781cdc6d54904') in 0.003029 seconds 
========================================================================
Received Import Request.
  Time since last request: 3.949165 seconds.
  path: Assets/Scenes/New Scene.unity
  artifactKey: Guid(dc377f80ed6d76a4692486cb767a122c) Importer(815301076,1909f56bfc062723c751e8b465ee728b)
Start importing Assets/Scenes/New Scene.unity using Guid(dc377f80ed6d76a4692486cb767a122c) Importer(815301076,1909f56bfc062723c751e8b465ee728b)  -> (artifact id: '347e5cc4649a81d397a6334f149ab8cd') in 0.001785 seconds 
========================================================================
Received Import Request.
  Time since last request: 7.289249 seconds.
  path: Assets/Scenes/mars.unity
  artifactKey: Guid(dc377f80ed6d76a4692486cb767a122c) Importer(815301076,1909f56bfc062723c751e8b465ee728b)
Start importing Assets/Scenes/mars.unity using Guid(dc377f80ed6d76a4692486cb767a122c) Importer(815301076,1909f56bfc062723c751e8b465ee728b)  -> (artifact id: '0d86471bc9624663013bf3e43ec71efd') in 0.002237 seconds 
========================================================================
Received Import Request.
  Time since last request: 7.989796 seconds.
  path: Assets/Scenes/moon.unity
  artifactKey: Guid(9fc0d4010bbf28b4594072e72b8655ab) Importer(815301076,1909f56bfc062723c751e8b465ee728b)
Start importing Assets/Scenes/moon.unity using Guid(9fc0d4010bbf28b4594072e72b8655ab) Importer(815301076,1909f56bfc062723c751e8b465ee728b)  -> (artifact id: 'f40ef51d38b3f285c3dbbb02a2ff1250') in 0.002317 seconds 
