Using pre-set license
Built from '2021.3/staging' branch; Version is '2021.3.10f1 (1c7d0df0160b) revision 1867021'; Using compiler version '192829333'; Build Type 'Release'
OS: 'Windows 10  (10.0.19045) 64bit Core' Language: 'en' Physical Memory: 16298 MB
BatchMode: 1, IsHumanControllingUs: 0, StartBugReporterOnCrash: 0, Is64bit: 1, IsPro: 1

COMMAND LINE ARGUMENTS:
C:\Program Files\Unity 2021.3.10f1\Editor\Unity.exe
-adb2
-batchMode
-noUpm
-name
AssetImportWorker0
-projectPath
C:/Users/Carl/OneDrive/Documents/GitHub/Universum/Universum Game
-logFile
Logs/AssetImportWorker0.log
-srvPort
65457
Successfully changed project path to: C:/Users/Carl/OneDrive/Documents/GitHub/Universum/Universum Game
C:/Users/Carl/OneDrive/Documents/GitHub/Universum/Universum Game
[UnityMemory] Configuration Parameters - Can be set up in boot.config
    "memorysetup-bucket-allocator-granularity=16"
    "memorysetup-bucket-allocator-bucket-count=8"
    "memorysetup-bucket-allocator-block-size=33554432"
    "memorysetup-bucket-allocator-block-count=8"
    "memorysetup-main-allocator-block-size=16777216"
    "memorysetup-thread-allocator-block-size=16777216"
    "memorysetup-gfx-main-allocator-block-size=16777216"
    "memorysetup-gfx-thread-allocator-block-size=16777216"
    "memorysetup-cache-allocator-block-size=4194304"
    "memorysetup-typetree-allocator-block-size=2097152"
    "memorysetup-profiler-bucket-allocator-granularity=16"
    "memorysetup-profiler-bucket-allocator-bucket-count=8"
    "memorysetup-profiler-bucket-allocator-block-size=33554432"
    "memorysetup-profiler-bucket-allocator-block-count=8"
    "memorysetup-profiler-allocator-block-size=16777216"
    "memorysetup-profiler-editor-allocator-block-size=1048576"
    "memorysetup-temp-allocator-size-main=16777216"
    "memorysetup-job-temp-allocator-block-size=2097152"
    "memorysetup-job-temp-allocator-block-size-background=1048576"
    "memorysetup-job-temp-allocator-reduction-small-platforms=262144"
    "memorysetup-temp-allocator-size-background-worker=32768"
    "memorysetup-temp-allocator-size-job-worker=262144"
    "memorysetup-temp-allocator-size-preload-manager=33554432"
    "memorysetup-temp-allocator-size-nav-mesh-worker=65536"
    "memorysetup-temp-allocator-size-audio-worker=65536"
    "memorysetup-temp-allocator-size-cloud-worker=32768"
    "memorysetup-temp-allocator-size-gi-baking-worker=262144"
    "memorysetup-temp-allocator-size-gfx=262144"
Refreshing native plugins compatible for Editor in 74.36 ms, found 3 plugins.
Preloading 0 native plugins for Editor in 0.00 ms.
Initialize engine version: 2021.3.10f1 (1c7d0df0160b)
[Subsystems] Discovering subsystems at path C:/Program Files/Unity 2021.3.10f1/Editor/Data/Resources/UnitySubsystems
[Subsystems] Discovering subsystems at path C:/Users/Carl/OneDrive/Documents/GitHub/Universum/Universum Game/Assets
GfxDevice: creating device client; threaded=0; jobified=0
Direct3D:
    Version:  Direct3D 11.0 [level 11.1]
    Renderer: AMD Radeon RX 6600 XT (ID=0x73ff)
    Vendor:   ATI
    VRAM:     8147 MB
    Driver:   31.0.14057.2005
Initialize mono
Mono path[0] = 'C:/Program Files/Unity 2021.3.10f1/Editor/Data/Managed'
Mono path[1] = 'C:/Program Files/Unity 2021.3.10f1/Editor/Data/MonoBleedingEdge/lib/mono/unityjit-win32'
Mono config path = 'C:/Program Files/Unity 2021.3.10f1/Editor/Data/MonoBleedingEdge/etc'
Using monoOptions --debugger-agent=transport=dt_socket,embedding=1,server=y,suspend=n,address=127.0.0.1:56996
Begin MonoManager ReloadAssembly
Registering precompiled unity dll's ...
Register platform support module: C:/Program Files/Unity 2021.3.10f1/Editor/Data/PlaybackEngines/WindowsStandaloneSupport/UnityEditor.WindowsStandalone.Extensions.dll
Registered in 0.006771 seconds.
Native extension for WindowsStandalone target not found
Refreshing native plugins compatible for Editor in 64.94 ms, found 3 plugins.
Preloading 0 native plugins for Editor in 0.00 ms.
Mono: successfully reloaded assembly
- Completed reload, in  0.540 seconds
Domain Reload Profiling:
	ReloadAssembly (541ms)
		BeginReloadAssembly (68ms)
			ExecutionOrderSort (0ms)
			DisableScriptedObjects (0ms)
			BackupInstance (0ms)
			ReleaseScriptingObjects (0ms)
			CreateAndSetChildDomain (1ms)
		EndReloadAssembly (378ms)
			LoadAssemblies (65ms)
			RebuildTransferFunctionScriptingTraits (0ms)
			SetupTypeCache (83ms)
			ReleaseScriptCaches (0ms)
			RebuildScriptCaches (21ms)
			SetupLoadedEditorAssemblies (231ms)
				LogAssemblyErrors (0ms)
				InitializePlatformSupportModulesInManaged (7ms)
				SetLoadedEditorAssemblies (0ms)
				RefreshPlugins (65ms)
				BeforeProcessingInitializeOnLoad (1ms)
				ProcessInitializeOnLoadAttributes (122ms)
				ProcessInitializeOnLoadMethodAttributes (37ms)
				AfterProcessingInitializeOnLoad (0ms)
				EditorAssembliesLoaded (0ms)
			ExecutionOrderSort2 (0ms)
			AwakeInstancesAfterBackupRestoration (0ms)
Platform modules already initialized, skipping
Registering precompiled user dll's ...
Registered in 0.008041 seconds.
Begin MonoManager ReloadAssembly
Symbol file LoadedFromMemory doesn't match image C:\Users\Carl\OneDrive\Documents\GitHub\Universum\Universum Game\Library\PackageCache\com.unity.visualscripting@1.7.8\Editor\VisualScripting.Core\Dependencies\YamlDotNet\Unity.VisualScripting.YamlDotNet.dll
Symbol file LoadedFromMemory doesn't match image C:\Users\Carl\OneDrive\Documents\GitHub\Universum\Universum Game\Library\PackageCache\com.unity.visualscripting@1.7.8\Editor\VisualScripting.Core\Dependencies\DotNetZip\Unity.VisualScripting.IonicZip.dll
Native extension for WindowsStandalone target not found
Refreshing native plugins compatible for Editor in 0.78 ms, found 3 plugins.
Preloading 0 native plugins for Editor in 0.00 ms.
Mono: successfully reloaded assembly
- Completed reload, in  0.928 seconds
Domain Reload Profiling:
	ReloadAssembly (929ms)
		BeginReloadAssembly (113ms)
			ExecutionOrderSort (0ms)
			DisableScriptedObjects (5ms)
			BackupInstance (0ms)
			ReleaseScriptingObjects (0ms)
			CreateAndSetChildDomain (19ms)
		EndReloadAssembly (710ms)
			LoadAssemblies (86ms)
			RebuildTransferFunctionScriptingTraits (0ms)
			SetupTypeCache (196ms)
			ReleaseScriptCaches (1ms)
			RebuildScriptCaches (42ms)
			SetupLoadedEditorAssemblies (354ms)
				LogAssemblyErrors (0ms)
				InitializePlatformSupportModulesInManaged (7ms)
				SetLoadedEditorAssemblies (0ms)
				RefreshPlugins (1ms)
				BeforeProcessingInitializeOnLoad (97ms)
				ProcessInitializeOnLoadAttributes (212ms)
				ProcessInitializeOnLoadMethodAttributes (26ms)
				AfterProcessingInitializeOnLoad (11ms)
				EditorAssembliesLoaded (0ms)
			ExecutionOrderSort2 (0ms)
			AwakeInstancesAfterBackupRestoration (8ms)
Platform modules already initialized, skipping
========================================================================
Worker process is ready to serve import requests
Launched and connected shader compiler UnityShaderCompiler.exe after 0.05 seconds
Refreshing native plugins compatible for Editor in 0.67 ms, found 3 plugins.
Preloading 0 native plugins for Editor in 0.00 ms.
Unloading 3380 Unused Serialized files (Serialized files now loaded: 0)
Unloading 27 unused Assets / (113.8 KB). Loaded Objects now: 3837.
Memory consumption went from 116.2 MB to 116.1 MB.
Total: 2.696700 ms (FindLiveObjects: 0.254200 ms CreateObjectMapping: 0.076900 ms MarkObjects: 2.263500 ms  DeleteObjects: 0.101300 ms)

AssetImportParameters requested are different than current active one (requested -> active):
  custom:video-decoder-ogg-theora: a1e56fd34408186e4bbccfd4996cb3dc -> 
  custom:container-muxer-webm: aa71ff27fc2769a1b78a27578f13a17b -> 
  custom:container-demuxer-webm: 4f35f7cbe854078d1ac9338744f61a02 -> 
  custom:video-encoder-webm-vp8: eb34c28f22e8b96e1ab97ce403110664 -> 
  custom:audio-encoder-webm-vorbis: bf7c407c2cedff20999df2af8eb42d56 -> 
  custom:framework-win-MediaFoundation: 216162199b28c13a410421893ffa2e32 -> 
  custom:container-demuxer-ogg: 62fdf1f143b41e24485cea50d1cbac27 -> 
  custom:video-decoder-webm-vp8: 9c59270c3fd7afecdb556c50c9e8de78 -> 
  custom:audio-decoder-ogg-vorbis: bf7c407c2cedff20999df2af8eb42d56 -> 
========================================================================
Received Import Request.
  Time since last request: 15672.880186 seconds.
  path: Assets/house.fbx
  artifactKey: Guid(2c85b2e1839dde44483cf064314a340e) Importer(815301076,1909f56bfc062723c751e8b465ee728b)
Start importing Assets/house.fbx using Guid(2c85b2e1839dde44483cf064314a340e) Importer(815301076,1909f56bfc062723c751e8b465ee728b)  -> (artifact id: '81eb12f99c323b8fcd3d2aacf2174644') in 0.363180 seconds 
========================================================================
Received Import Request.
  Time since last request: 506.401145 seconds.
  path: Assets
  artifactKey: Guid(00000000000000001000000000000000) Importer(815301076,1909f56bfc062723c751e8b465ee728b)
Start importing Assets using Guid(00000000000000001000000000000000) Importer(815301076,1909f56bfc062723c751e8b465ee728b)  -> (artifact id: '79842766b460edbeab6a34051e857a80') in 0.002192 seconds 
========================================================================
Received Import Request.
  Time since last request: 4.905883 seconds.
  path: Assets/house.blend
  artifactKey: Guid(4ee381c622625f9489a7532f2a0b55a3) Importer(815301076,1909f56bfc062723c751e8b465ee728b)
Start importing Assets/house.blend using Guid(4ee381c622625f9489a7532f2a0b55a3) Importer(815301076,1909f56bfc062723c751e8b465ee728b)  -> (artifact id: '66aa711a52b86dd444a463297dd82371') in 0.158659 seconds 
========================================================================
Received Import Request.
  Time since last request: 154.801578 seconds.
  path: Assets/house.blend
  artifactKey: Guid(4ee381c622625f9489a7532f2a0b55a3) Importer(815301076,1909f56bfc062723c751e8b465ee728b)
Start importing Assets/house.blend using Guid(4ee381c622625f9489a7532f2a0b55a3) Importer(815301076,1909f56bfc062723c751e8b465ee728b)  -> (artifact id: 'f320d497003d0aa10c6d7c1b8a27b9d8') in 0.161302 seconds 
========================================================================
Received Import Request.
  Time since last request: 28.027450 seconds.
  path: Assets/house.blend
  artifactKey: Guid(4ee381c622625f9489a7532f2a0b55a3) Importer(815301076,1909f56bfc062723c751e8b465ee728b)
Start importing Assets/house.blend using Guid(4ee381c622625f9489a7532f2a0b55a3) Importer(815301076,1909f56bfc062723c751e8b465ee728b)  -> (artifact id: '37e2c0cdfcf3ba9df041a9c907393a96') in 0.160535 seconds 
========================================================================
Received Import Request.
  Time since last request: 1003.869345 seconds.
  path: Assets/Material.001 1.mat
  artifactKey: Guid(17ed50164d38b964d905afa90cc6c5e1) Importer(815301076,1909f56bfc062723c751e8b465ee728b)
Start importing Assets/Material.001 1.mat using Guid(17ed50164d38b964d905afa90cc6c5e1) Importer(815301076,1909f56bfc062723c751e8b465ee728b)  -> (artifact id: '073f6eba6dfca2049e4ac750335eb644') in 0.015664 seconds 
========================================================================
Received Import Request.
  Time since last request: 0.000018 seconds.
  path: Assets/Material.009 1.mat
  artifactKey: Guid(008a334fcc733d04bb1d56317db076c1) Importer(815301076,1909f56bfc062723c751e8b465ee728b)
Start importing Assets/Material.009 1.mat using Guid(008a334fcc733d04bb1d56317db076c1) Importer(815301076,1909f56bfc062723c751e8b465ee728b)  -> (artifact id: '939cdce18592ade62c36e1e5af75e238') in 0.010535 seconds 
========================================================================
Received Import Request.
  Time since last request: 0.000018 seconds.
  path: Assets/Material.005 1.mat
  artifactKey: Guid(27939a2b24484e64b83df289218e232c) Importer(815301076,1909f56bfc062723c751e8b465ee728b)
Start importing Assets/Material.005 1.mat using Guid(27939a2b24484e64b83df289218e232c) Importer(815301076,1909f56bfc062723c751e8b465ee728b)  -> (artifact id: 'f84c5e9cff5c56009ff32988b1b4924c') in 0.009772 seconds 
========================================================================
Received Import Request.
  Time since last request: 0.000021 seconds.
  path: Assets/Material.006 1.mat
  artifactKey: Guid(b8e60399bebfd784f9c99ad7911097d9) Importer(815301076,1909f56bfc062723c751e8b465ee728b)
Start importing Assets/Material.006 1.mat using Guid(b8e60399bebfd784f9c99ad7911097d9) Importer(815301076,1909f56bfc062723c751e8b465ee728b)  -> (artifact id: '5023726a8c5c139ee63f1c482f938964') in 0.008998 seconds 
========================================================================
Received Import Request.
  Time since last request: 0.000026 seconds.
  path: Assets/Material.008 1.mat
  artifactKey: Guid(a79bf290c7326de4db7a6e3b682c74ec) Importer(815301076,1909f56bfc062723c751e8b465ee728b)
Start importing Assets/Material.008 1.mat using Guid(a79bf290c7326de4db7a6e3b682c74ec) Importer(815301076,1909f56bfc062723c751e8b465ee728b)  -> (artifact id: 'd66032e305914f0ab663b9c0fb00c437') in 0.007561 seconds 
========================================================================
Received Import Request.
  Time since last request: 0.000019 seconds.
  path: Assets/Material.004 1.mat
  artifactKey: Guid(7c5fd026260f9aa4b8dcf06e5a744b46) Importer(815301076,1909f56bfc062723c751e8b465ee728b)
Start importing Assets/Material.004 1.mat using Guid(7c5fd026260f9aa4b8dcf06e5a744b46) Importer(815301076,1909f56bfc062723c751e8b465ee728b)  -> (artifact id: '2b81a7881acc9a9fc0cbdcf856c294c3') in 0.008163 seconds 
========================================================================
Received Import Request.
  Time since last request: 53.924546 seconds.
  path: Assets/Material.001 1.mat
  artifactKey: Guid(17ed50164d38b964d905afa90cc6c5e1) Importer(815301076,1909f56bfc062723c751e8b465ee728b)
Start importing Assets/Material.001 1.mat using Guid(17ed50164d38b964d905afa90cc6c5e1) Importer(815301076,1909f56bfc062723c751e8b465ee728b)  -> (artifact id: '04f280e4d2993fe5cdc45c9ecdb97c3b') in 0.009521 seconds 
========================================================================
Received Import Request.
  Time since last request: 0.000017 seconds.
  path: Assets/Material.005 1.mat
  artifactKey: Guid(27939a2b24484e64b83df289218e232c) Importer(815301076,1909f56bfc062723c751e8b465ee728b)
Start importing Assets/Material.005 1.mat using Guid(27939a2b24484e64b83df289218e232c) Importer(815301076,1909f56bfc062723c751e8b465ee728b)  -> (artifact id: '126a9bdff070092f6563db597fea2e17') in 0.009010 seconds 
========================================================================
Received Import Request.
  Time since last request: 0.000019 seconds.
  path: Assets/Material.008 1.mat
  artifactKey: Guid(a79bf290c7326de4db7a6e3b682c74ec) Importer(815301076,1909f56bfc062723c751e8b465ee728b)
Start importing Assets/Material.008 1.mat using Guid(a79bf290c7326de4db7a6e3b682c74ec) Importer(815301076,1909f56bfc062723c751e8b465ee728b)  -> (artifact id: '3fde0e26db520832d7a5a3260049c38e') in 0.008980 seconds 
========================================================================
Received Import Request.
  Time since last request: 0.000018 seconds.
  path: Assets/Material.008.mat
  artifactKey: Guid(7fdf215081497a747942c34ec02df543) Importer(815301076,1909f56bfc062723c751e8b465ee728b)
Start importing Assets/Material.008.mat using Guid(7fdf215081497a747942c34ec02df543) Importer(815301076,1909f56bfc062723c751e8b465ee728b)  -> (artifact id: 'ec336e484d2101edf5f51ee7fb835aa5') in 0.008875 seconds 
========================================================================
Received Import Request.
  Time since last request: 0.000018 seconds.
  path: Assets/Material.004.mat
  artifactKey: Guid(cffd9e4c55b2eaa4288ed152360bc597) Importer(815301076,1909f56bfc062723c751e8b465ee728b)
Start importing Assets/Material.004.mat using Guid(cffd9e4c55b2eaa4288ed152360bc597) Importer(815301076,1909f56bfc062723c751e8b465ee728b)  -> (artifact id: '3546a17ed9af0306c99082f083c7b450') in 0.008094 seconds 
========================================================================
Received Import Request.
  Time since last request: 0.000014 seconds.
  path: Assets/Material.005.mat
  artifactKey: Guid(285b106a1fb0ca24eabbf3a840f67584) Importer(815301076,1909f56bfc062723c751e8b465ee728b)
Start importing Assets/Material.005.mat using Guid(285b106a1fb0ca24eabbf3a840f67584) Importer(815301076,1909f56bfc062723c751e8b465ee728b)  -> (artifact id: '99c4964229ef8c8e2532175a92184c41') in 0.007864 seconds 
Editor requested this worker to shutdown with reason: Scaling down because of idle timeout
AssetImportWorker is now disconnected from the server
Process exiting
Exiting without the bug reporter. Application will terminate with return code 0