Using pre-set license
Built from '2021.3/staging' branch; Version is '2021.3.10f1 (1c7d0df0160b) revision 1867021'; Using compiler version '192829333'; Build Type 'Release'
OS: 'Windows 10  (10.0.19045) 64bit Core' Language: 'en' Physical Memory: 16298 MB
BatchMode: 1, IsHumanControllingUs: 0, StartBugReporterOnCrash: 0, Is64bit: 1, IsPro: 1

COMMAND LINE ARGUMENTS:
C:\Program Files\Unity 2021.3.10f1\Editor\Unity.exe
-adb2
-batchMode
-noUpm
-name
AssetImportWorker2
-projectPath
C:/Users/Carl/OneDrive/Documents/GitHub/Universum/Universum Game
-logFile
Logs/AssetImportWorker2.log
-srvPort
65457
Successfully changed project path to: C:/Users/Carl/OneDrive/Documents/GitHub/Universum/Universum Game
C:/Users/Carl/OneDrive/Documents/GitHub/Universum/Universum Game
[UnityMemory] Configuration Parameters - Can be set up in boot.config
    "memorysetup-bucket-allocator-granularity=16"
    "memorysetup-bucket-allocator-bucket-count=8"
    "memorysetup-bucket-allocator-block-size=33554432"
    "memorysetup-bucket-allocator-block-count=8"
    "memorysetup-main-allocator-block-size=16777216"
    "memorysetup-thread-allocator-block-size=16777216"
    "memorysetup-gfx-main-allocator-block-size=16777216"
    "memorysetup-gfx-thread-allocator-block-size=16777216"
    "memorysetup-cache-allocator-block-size=4194304"
    "memorysetup-typetree-allocator-block-size=2097152"
    "memorysetup-profiler-bucket-allocator-granularity=16"
    "memorysetup-profiler-bucket-allocator-bucket-count=8"
    "memorysetup-profiler-bucket-allocator-block-size=33554432"
    "memorysetup-profiler-bucket-allocator-block-count=8"
    "memorysetup-profiler-allocator-block-size=16777216"
    "memorysetup-profiler-editor-allocator-block-size=1048576"
    "memorysetup-temp-allocator-size-main=16777216"
    "memorysetup-job-temp-allocator-block-size=2097152"
    "memorysetup-job-temp-allocator-block-size-background=1048576"
    "memorysetup-job-temp-allocator-reduction-small-platforms=262144"
    "memorysetup-temp-allocator-size-background-worker=32768"
    "memorysetup-temp-allocator-size-job-worker=262144"
    "memorysetup-temp-allocator-size-preload-manager=33554432"
    "memorysetup-temp-allocator-size-nav-mesh-worker=65536"
    "memorysetup-temp-allocator-size-audio-worker=65536"
    "memorysetup-temp-allocator-size-cloud-worker=32768"
    "memorysetup-temp-allocator-size-gi-baking-worker=262144"
    "memorysetup-temp-allocator-size-gfx=262144"
Refreshing native plugins compatible for Editor in 69.13 ms, found 3 plugins.
Preloading 0 native plugins for Editor in 0.00 ms.
Initialize engine version: 2021.3.10f1 (1c7d0df0160b)
[Subsystems] Discovering subsystems at path C:/Program Files/Unity 2021.3.10f1/Editor/Data/Resources/UnitySubsystems
[Subsystems] Discovering subsystems at path C:/Users/Carl/OneDrive/Documents/GitHub/Universum/Universum Game/Assets
GfxDevice: creating device client; threaded=0; jobified=0
Direct3D:
    Version:  Direct3D 11.0 [level 11.1]
    Renderer: AMD Radeon RX 6600 XT (ID=0x73ff)
    Vendor:   ATI
    VRAM:     8147 MB
    Driver:   31.0.14057.2005
Initialize mono
Mono path[0] = 'C:/Program Files/Unity 2021.3.10f1/Editor/Data/Managed'
Mono path[1] = 'C:/Program Files/Unity 2021.3.10f1/Editor/Data/MonoBleedingEdge/lib/mono/unityjit-win32'
Mono config path = 'C:/Program Files/Unity 2021.3.10f1/Editor/Data/MonoBleedingEdge/etc'
Using monoOptions --debugger-agent=transport=dt_socket,embedding=1,server=y,suspend=n,address=127.0.0.1:56408
Begin MonoManager ReloadAssembly
Registering precompiled unity dll's ...
Register platform support module: C:/Program Files/Unity 2021.3.10f1/Editor/Data/PlaybackEngines/WindowsStandaloneSupport/UnityEditor.WindowsStandalone.Extensions.dll
Registered in 0.007117 seconds.
Native extension for WindowsStandalone target not found
Refreshing native plugins compatible for Editor in 65.79 ms, found 3 plugins.
Preloading 0 native plugins for Editor in 0.00 ms.
Mono: successfully reloaded assembly
- Completed reload, in  0.544 seconds
Domain Reload Profiling:
	ReloadAssembly (545ms)
		BeginReloadAssembly (73ms)
			ExecutionOrderSort (0ms)
			DisableScriptedObjects (0ms)
			BackupInstance (0ms)
			ReleaseScriptingObjects (0ms)
			CreateAndSetChildDomain (1ms)
		EndReloadAssembly (365ms)
			LoadAssemblies (71ms)
			RebuildTransferFunctionScriptingTraits (0ms)
			SetupTypeCache (75ms)
			ReleaseScriptCaches (0ms)
			RebuildScriptCaches (20ms)
			SetupLoadedEditorAssemblies (224ms)
				LogAssemblyErrors (0ms)
				InitializePlatformSupportModulesInManaged (6ms)
				SetLoadedEditorAssemblies (0ms)
				RefreshPlugins (66ms)
				BeforeProcessingInitializeOnLoad (1ms)
				ProcessInitializeOnLoadAttributes (115ms)
				ProcessInitializeOnLoadMethodAttributes (35ms)
				AfterProcessingInitializeOnLoad (0ms)
				EditorAssembliesLoaded (0ms)
			ExecutionOrderSort2 (0ms)
			AwakeInstancesAfterBackupRestoration (0ms)
Platform modules already initialized, skipping
Registering precompiled user dll's ...
Registered in 0.009003 seconds.
Begin MonoManager ReloadAssembly
Symbol file LoadedFromMemory doesn't match image C:\Users\Carl\OneDrive\Documents\GitHub\Universum\Universum Game\Library\PackageCache\com.unity.visualscripting@1.7.8\Editor\VisualScripting.Core\Dependencies\YamlDotNet\Unity.VisualScripting.YamlDotNet.dll
Symbol file LoadedFromMemory doesn't match image C:\Users\Carl\OneDrive\Documents\GitHub\Universum\Universum Game\Library\PackageCache\com.unity.visualscripting@1.7.8\Editor\VisualScripting.Core\Dependencies\DotNetZip\Unity.VisualScripting.IonicZip.dll
Native extension for WindowsStandalone target not found
Refreshing native plugins compatible for Editor in 0.82 ms, found 3 plugins.
Preloading 0 native plugins for Editor in 0.00 ms.
Mono: successfully reloaded assembly
- Completed reload, in  0.841 seconds
Domain Reload Profiling:
	ReloadAssembly (842ms)
		BeginReloadAssembly (102ms)
			ExecutionOrderSort (0ms)
			DisableScriptedObjects (4ms)
			BackupInstance (0ms)
			ReleaseScriptingObjects (0ms)
			CreateAndSetChildDomain (16ms)
		EndReloadAssembly (629ms)
			LoadAssemblies (85ms)
			RebuildTransferFunctionScriptingTraits (0ms)
			SetupTypeCache (191ms)
			ReleaseScriptCaches (1ms)
			RebuildScriptCaches (36ms)
			SetupLoadedEditorAssemblies (295ms)
				LogAssemblyErrors (0ms)
				InitializePlatformSupportModulesInManaged (6ms)
				SetLoadedEditorAssemblies (0ms)
				RefreshPlugins (1ms)
				BeforeProcessingInitializeOnLoad (77ms)
				ProcessInitializeOnLoadAttributes (180ms)
				ProcessInitializeOnLoadMethodAttributes (22ms)
				AfterProcessingInitializeOnLoad (9ms)
				EditorAssembliesLoaded (0ms)
			ExecutionOrderSort2 (0ms)
			AwakeInstancesAfterBackupRestoration (6ms)
Platform modules already initialized, skipping
========================================================================
Worker process is ready to serve import requests
Launched and connected shader compiler UnityShaderCompiler.exe after 0.04 seconds
Refreshing native plugins compatible for Editor in 0.52 ms, found 3 plugins.
Preloading 0 native plugins for Editor in 0.00 ms.
Unloading 3380 Unused Serialized files (Serialized files now loaded: 0)
Unloading 27 unused Assets / (113.4 KB). Loaded Objects now: 3837.
Memory consumption went from 116.2 MB to 116.1 MB.
Total: 2.627800 ms (FindLiveObjects: 0.166800 ms CreateObjectMapping: 0.084600 ms MarkObjects: 2.292100 ms  DeleteObjects: 0.083500 ms)

AssetImportParameters requested are different than current active one (requested -> active):
  custom:video-decoder-ogg-theora: a1e56fd34408186e4bbccfd4996cb3dc -> 
  custom:container-muxer-webm: aa71ff27fc2769a1b78a27578f13a17b -> 
  custom:container-demuxer-webm: 4f35f7cbe854078d1ac9338744f61a02 -> 
  custom:video-encoder-webm-vp8: eb34c28f22e8b96e1ab97ce403110664 -> 
  custom:audio-encoder-webm-vorbis: bf7c407c2cedff20999df2af8eb42d56 -> 
  custom:framework-win-MediaFoundation: 216162199b28c13a410421893ffa2e32 -> 
  custom:container-demuxer-ogg: 62fdf1f143b41e24485cea50d1cbac27 -> 
  custom:video-decoder-webm-vp8: 9c59270c3fd7afecdb556c50c9e8de78 -> 
  custom:audio-decoder-ogg-vorbis: bf7c407c2cedff20999df2af8eb42d56 -> 
========================================================================
Received Import Request.
  Time since last request: 16442.997977 seconds.
  path: Assets/house.blend
  artifactKey: Guid(4ee381c622625f9489a7532f2a0b55a3) Importer(815301076,1909f56bfc062723c751e8b465ee728b)
Start importing Assets/house.blend using Guid(4ee381c622625f9489a7532f2a0b55a3) Importer(815301076,1909f56bfc062723c751e8b465ee728b)  -> (artifact id: 'da20070f4e7005f43ca93114617df909') in 0.155595 seconds 
========================================================================
Received Import Request.
  Time since last request: 126.098561 seconds.
  path: Assets/house.blend
  artifactKey: Guid(4ee381c622625f9489a7532f2a0b55a3) Importer(815301076,1909f56bfc062723c751e8b465ee728b)
Start importing Assets/house.blend using Guid(4ee381c622625f9489a7532f2a0b55a3) Importer(815301076,1909f56bfc062723c751e8b465ee728b)  -> (artifact id: 'bcbe539a0e0eddf10e2f59bb3ad0f97c') in 0.031210 seconds 
========================================================================
Received Import Request.
  Time since last request: 109.038606 seconds.
  path: Assets/house.blend
  artifactKey: Guid(4ee381c622625f9489a7532f2a0b55a3) Importer(815301076,1909f56bfc062723c751e8b465ee728b)
Start importing Assets/house.blend using Guid(4ee381c622625f9489a7532f2a0b55a3) Importer(815301076,1909f56bfc062723c751e8b465ee728b)  -> (artifact id: '86c7b2ea60abb207bb84f88a95c109a5') in 0.030812 seconds 
========================================================================
Received Import Request.
  Time since last request: 56.600120 seconds.
  path: Assets/house.blend
  artifactKey: Guid(4ee381c622625f9489a7532f2a0b55a3) Importer(815301076,1909f56bfc062723c751e8b465ee728b)
Start importing Assets/house.blend using Guid(4ee381c622625f9489a7532f2a0b55a3) Importer(815301076,1909f56bfc062723c751e8b465ee728b)  -> (artifact id: '5419b679850f41fc3cd68da1aa94adc5') in 0.030523 seconds 
========================================================================
Received Import Request.
  Time since last request: 62.760742 seconds.
  path: Assets/house.blend
  artifactKey: Guid(4ee381c622625f9489a7532f2a0b55a3) Importer(815301076,1909f56bfc062723c751e8b465ee728b)
Start importing Assets/house.blend using Guid(4ee381c622625f9489a7532f2a0b55a3) Importer(815301076,1909f56bfc062723c751e8b465ee728b)  -> (artifact id: 'b9d2e7cf6cf41828901e81e4054e43b1') in 0.153779 seconds 
========================================================================
Received Import Request.
  Time since last request: 18.818955 seconds.
  path: Assets/house.blend
  artifactKey: Guid(4ee381c622625f9489a7532f2a0b55a3) Importer(815301076,1909f56bfc062723c751e8b465ee728b)
Start importing Assets/house.blend using Guid(4ee381c622625f9489a7532f2a0b55a3) Importer(815301076,1909f56bfc062723c751e8b465ee728b)  -> (artifact id: '34a7e0ae9156d534ffd8a38278f96526') in 0.150362 seconds 
========================================================================
Received Import Request.
  Time since last request: 86.211415 seconds.
  path: Assets/house.blend
  artifactKey: Guid(4ee381c622625f9489a7532f2a0b55a3) Importer(815301076,1909f56bfc062723c751e8b465ee728b)
Start importing Assets/house.blend using Guid(4ee381c622625f9489a7532f2a0b55a3) Importer(815301076,1909f56bfc062723c751e8b465ee728b)  -> (artifact id: '5808c34c2a57ccb053c67c16ea1e9b5e') in 0.144536 seconds 
========================================================================
Received Import Request.
  Time since last request: 110.981991 seconds.
  path: Assets/house 1.blend
  artifactKey: Guid(a0491ef4bc6e2af4883622db4170605e) Importer(815301076,1909f56bfc062723c751e8b465ee728b)
Start importing Assets/house 1.blend using Guid(a0491ef4bc6e2af4883622db4170605e) Importer(815301076,1909f56bfc062723c751e8b465ee728b)  -> (artifact id: 'd8ed5efb1747a2d53450df911c13db63') in 0.152260 seconds 
========================================================================
Received Import Request.
  Time since last request: 270.370440 seconds.
  path: Assets/house 2.blend
  artifactKey: Guid(ca06a8a89c83c934ea8fd63ddbed0e95) Importer(815301076,1909f56bfc062723c751e8b465ee728b)
Start importing Assets/house 2.blend using Guid(ca06a8a89c83c934ea8fd63ddbed0e95) Importer(815301076,1909f56bfc062723c751e8b465ee728b)  -> (artifact id: 'ee4a2edf07a95066cc97ef57ce36fc32') in 0.158404 seconds 
========================================================================
Received Import Request.
  Time since last request: 62.905377 seconds.
  path: Assets/houseone.fbx
  artifactKey: Guid(bd19bed82345ea743b461207c67baefa) Importer(815301076,1909f56bfc062723c751e8b465ee728b)
Start importing Assets/houseone.fbx using Guid(bd19bed82345ea743b461207c67baefa) Importer(815301076,1909f56bfc062723c751e8b465ee728b)  -> (artifact id: '9d77eecddcd95afbc155d7ed153b8d8c') in 0.185357 seconds 
========================================================================
Received Import Request.
  Time since last request: 23.707188 seconds.
  path: Assets/houseone.fbx
  artifactKey: Guid(bd19bed82345ea743b461207c67baefa) Importer(815301076,1909f56bfc062723c751e8b465ee728b)
Start importing Assets/houseone.fbx using Guid(bd19bed82345ea743b461207c67baefa) Importer(815301076,1909f56bfc062723c751e8b465ee728b)  -> (artifact id: '6c6db35b1f0cd01a5631e187996e0fc5') in 0.169557 seconds 
========================================================================
Received Import Request.
  Time since last request: 53.863296 seconds.
  path: Assets/houseone.fbx
  artifactKey: Guid(bd19bed82345ea743b461207c67baefa) Importer(815301076,1909f56bfc062723c751e8b465ee728b)
Start importing Assets/houseone.fbx using Guid(bd19bed82345ea743b461207c67baefa) Importer(815301076,1909f56bfc062723c751e8b465ee728b)  -> (artifact id: '4e4b278816da332a762c88836e363b12') in 0.158788 seconds 
========================================================================
Received Import Request.
  Time since last request: 12.286633 seconds.
  path: Assets/Materials
  artifactKey: Guid(a7aa2c45170557d4690535d062914e4c) Importer(815301076,1909f56bfc062723c751e8b465ee728b)
Start importing Assets/Materials using Guid(a7aa2c45170557d4690535d062914e4c) Importer(815301076,1909f56bfc062723c751e8b465ee728b)  -> (artifact id: 'c95016bfc573994d180cadd6dafe6ec6') in 0.002026 seconds 
